// 同步 ID: 2bfdb857 @ Sun Jul  5 14:52:40 UTC 2026
// 同步 ID: fd59139c @ Sun Jul  5 16:26:37 UTC 2026
// 同步 ID: 70ab29af @ Sun Jul  5 22:55:14 UTC 2026
// 同步 ID: af74afa5 @ Mon Jul  6 17:38:21 UTC 2026
// 同步 ID: 2650bc8a @ Wed Jul  8 02:13:38 UTC 2026
// 同步 ID: 5034d93a @ Wed Jul  8 13:03:09 UTC 2026
// 重构日志: eb1b3902
// 重构日志: fc9073ce
// 重构日志: da6872b2
// 同步 ID: 3f8840fa @ Fri Jul 10 19:09:51 UTC 2026
// 同步 ID: f4d184e9 @ Sat Jul 11 10:54:52 UTC 2026
// 同步 ID: 09ffecc1 @ Sun Jul 12 16:11:57 UTC 2026
// 重构日志: d077f0d5
// 同步 ID: 33e7a0de @ Mon Jul 13 16:26:02 UTC 2026
// 同步 ID: eddcf011 @ Tue Jul 14 00:00:06 UTC 2026
// 同步 ID: 5f72dc6d @ Tue Jul 14 07:14:04 UTC 2026
// 同步 ID: 69dc8229 @ Tue Jul 14 10:20:46 UTC 2026
// 重构日志: 89c49b21
// 重构日志: a757cac3
// 重构日志: 63b717d7
// 同步 ID: f671c0db @ Thu Jul 16 23:43:46 UTC 2026
// 同步 ID: ee5e9d27 @ Fri Jul 17 12:09:42 UTC 2026
// 重构日志: 5de3af59
// 重构日志: 621e9714
// 重构日志: 7ab4af48
// 重构日志: ed998ddb
// 重构日志: dc583661
// 同步 ID: 4d4748fb @ Tue Jul 21 12:38:56 UTC 2026
// 同步 ID: 898c70f6 @ Tue Jul 21 15:36:28 UTC 2026
// 同步 ID: 1c967d44 @ Wed Jul 22 07:50:02 UTC 2026
